#
# There is insufficient memory for the Java Runtime Environment to continue.
# Native memory allocation (malloc) failed to allocate 238736 bytes for Chunk::new
# Possible reasons:
#   The system is out of physical RAM or swap space
#   In 32 bit mode, the process size limit was hit
# Possible solutions:
#   Reduce memory load on the system
#   Increase physical memory or swap space
#   Check if swap backing store is full
#   Use 64 bit Java on a 64 bit OS
#   Decrease Java heap size (-Xmx/-Xms)
#   Decrease number of Java threads
#   Decrease Java thread stack sizes (-Xss)
#   Set larger code cache with -XX:ReservedCodeCacheSize=
# This output file may be truncated or incomplete.
#
#  Out of Memory Error (allocation.cpp:390), pid=10484, tid=0x0000000000000fbc
#
# JRE version: Java(TM) SE Runtime Environment (8.0_171-b11) (build 1.8.0_171-b11)
# Java VM: Java HotSpot(TM) 64-Bit Server VM (25.171-b11 mixed mode windows-amd64 compressed oops)
# Failed to write core dump. Minidumps are not enabled by default on client versions of Windows
#

---------------  T H R E A D  ---------------

Current thread (0x000000001456f800):  JavaThread "C2 CompilerThread0" daemon [_thread_in_native, id=4028, stack(0x0000000015bb0000,0x0000000015cb0000)]

Stack: [0x0000000015bb0000,0x0000000015cb0000]
[error occurred during error reporting (printing stack bounds), id 0xc0000005]

Native frames: (J=compiled Java code, j=interpreted, Vv=VM code, C=native code)


Current CompileTask:
C2:   4246  542   !   4       sun.nio.cs.StreamDecoder::read (196 bytes)


---------------  P R O C E S S  ---------------

Java Threads: ( => current thread )
  0x0000000015ec0800 JavaThread "Service Thread" daemon [_thread_blocked, id=8472, stack(0x00000000162b0000,0x00000000163b0000)]
  0x0000000014575000 JavaThread "C1 CompilerThread2" daemon [_thread_in_vm, id=9512, stack(0x0000000015db0000,0x0000000015eb0000)]
  0x0000000014573800 JavaThread "C2 CompilerThread1" daemon [_thread_in_native, id=10784, stack(0x0000000015cb0000,0x0000000015db0000)]
=>0x000000001456f800 JavaThread "C2 CompilerThread0" daemon [_thread_in_native, id=4028, stack(0x0000000015bb0000,0x0000000015cb0000)]
  0x0000000014579800 JavaThread "Attach Listener" daemon [_thread_blocked, id=10976, stack(0x0000000015ab0000,0x0000000015bb0000)]
  0x0000000014576800 JavaThread "Signal Dispatcher" daemon [_thread_blocked, id=8804, stack(0x00000000159b0000,0x0000000015ab0000)]
  0x000000001455a800 JavaThread "Finalizer" daemon [_thread_blocked, id=7796, stack(0x00000000157c0000,0x00000000158c0000)]
  0x0000000003212000 JavaThread "Reference Handler" daemon [_thread_blocked, id=7464, stack(0x00000000156c0000,0x00000000157c0000)]
  0x0000000003122800 JavaThread "main" [_thread_in_vm, id=5368, stack(0x0000000002fe0000,0x00000000030e0000)]

Other Threads:
  0x0000000014537800 VMThread [stack: 0x00000000155c0000,0x00000000156c0000] [id=3276]
  0x00000000145ce800 WatcherThread [stack: 0x00000000163b0000,0x00000000164b0000] [id=800]

VM state:not at safepoint (normal execution)

VM Mutex/Monitor currently owned by a thread: None

Heap:
 PSYoungGen      total 9728K, used 6976K [0x00000000f5d80000, 0x00000000f6800000, 0x0000000100000000)
  eden space 8704K, 68% used [0x00000000f5d80000,0x00000000f6355c40,0x00000000f6600000)
  from space 1024K, 97% used [0x00000000f6700000,0x00000000f67fa680,0x00000000f6800000)
  to   space 1024K, 0% used [0x00000000f6600000,0x00000000f6600000,0x00000000f6700000)
 ParOldGen       total 11264K, used 2258K [0x00000000e1800000, 0x00000000e2300000, 0x00000000f5d80000)
  object space 11264K, 20% used [0x00000000e1800000,0x00000000e1a349f0,0x00000000e2300000)
 Metaspace       used 7845K, capacity 7964K, committed 8192K, reserved 1060864K
  class space    used 948K, capacity 1016K, committed 1024K, reserved 1048576K

Card table byte_map: [0x00000000125e0000,0x00000000126e0000] byte_map_base: 0x0000000011ed4000

Marking Bits: (ParMarkBitMap*) 0x0000000056cc08c0
 Begin Bits: [0x0000000012b90000, 0x0000000013330000)
 End Bits:   [0x0000000013330000, 0x0000000013ad0000)

Polling page: 0x00000000012e0000

CodeCache: size=245760Kb used=2598Kb max_used=2598Kb free=243161Kb
 bounds [0x0000000003220000, 0x00000000034b0000, 0x0000000012220000]
 total_blobs=843 nmethods=544 adapters=212
 compilation: enabled

Compilation events (10 events):
Event: 4.236 Thread 0x0000000014575000 nmethod 537 0x000000000349b210 code [0x000000000349b380, 0x000000000349b548]
Event: 4.236 Thread 0x0000000014575000  538   !   3       java.nio.CharBuffer::wrap (20 bytes)
Event: 4.237 Thread 0x0000000014575000 nmethod 538 0x000000000349aa50 code [0x000000000349abe0, 0x000000000349af98]
Event: 4.237 Thread 0x0000000014575000  533       3       java.nio.CharBuffer::hasArray (20 bytes)
Event: 4.237 Thread 0x0000000014575000 nmethod 533 0x000000000349a690 code [0x000000000349a7e0, 0x000000000349a9d0]
Event: 4.237 Thread 0x0000000014575000  535       3       sun.nio.cs.UTF_8$Decoder::decodeLoop (28 bytes)
Event: 4.238 Thread 0x0000000014575000 nmethod 535 0x0000000003499e50 code [0x0000000003499fe0, 0x000000000349a518]
Event: 4.238 Thread 0x0000000014575000  536   !   3       sun.nio.cs.StreamDecoder::read0 (116 bytes)
Event: 4.238 Thread 0x0000000014575000 nmethod 536 0x00000000034a28d0 code [0x00000000034a2a60, 0x00000000034a2fc8]
Event: 4.238 Thread 0x0000000014575000  532   !   3       java.nio.charset.CharsetDecoder::decode (287 bytes)

GC Heap History (6 events):
Event: 3.802 GC heap before
{Heap before GC invocations=1 (full 0):
 PSYoungGen      total 9728K, used 5923K [0x00000000f5d80000, 0x00000000f6800000, 0x0000000100000000)
  eden space 8704K, 68% used [0x00000000f5d80000,0x00000000f6348f88,0x00000000f6600000)
  from space 1024K, 0% used [0x00000000f6700000,0x00000000f6700000,0x00000000f6800000)
  to   space 1024K, 0% used [0x00000000f6600000,0x00000000f6600000,0x00000000f6700000)
 ParOldGen       total 22016K, used 0K [0x00000000e1800000, 0x00000000e2d80000, 0x00000000f5d80000)
  object space 22016K, 0% used [0x00000000e1800000,0x00000000e1800000,0x00000000e2d80000)
 Metaspace       used 5076K, capacity 5420K, committed 5504K, reserved 1060864K
  class space    used 549K, capacity 600K, committed 640K, reserved 1048576K
Event: 3.805 GC heap after
Heap after GC invocations=1 (full 0):
 PSYoungGen      total 9728K, used 1008K [0x00000000f5d80000, 0x00000000f6800000, 0x0000000100000000)
  eden space 8704K, 0% used [0x00000000f5d80000,0x00000000f5d80000,0x00000000f6600000)
  from space 1024K, 98% used [0x00000000f6600000,0x00000000f66fc010,0x00000000f6700000)
  to   space 1024K, 0% used [0x00000000f6700000,0x00000000f6700000,0x00000000f6800000)
 ParOldGen       total 22016K, used 768K [0x00000000e1800000, 0x00000000e2d80000, 0x00000000f5d80000)
  object space 22016K, 3% used [0x00000000e1800000,0x00000000e18c0148,0x00000000e2d80000)
 Metaspace       used 5076K, capacity 5420K, committed 5504K, reserved 1060864K
  class space    used 549K, capacity 600K, committed 640K, reserved 1048576K
}
Event: 3.805 GC heap before
{Heap before GC invocations=2 (full 1):
 PSYoungGen      total 9728K, used 1008K [0x00000000f5d80000, 0x00000000f6800000, 0x0000000100000000)
  eden space 8704K, 0% used [0x00000000f5d80000,0x00000000f5d80000,0x00000000f6600000)
  from space 1024K, 98% used [0x00000000f6600000,0x00000000f66fc010,0x00000000f6700000)
  to   space 1024K, 0% used [0x00000000f6700000,0x00000000f6700000,0x00000000f6800000)
 ParOldGen       total 22016K, used 768K [0x00000000e1800000, 0x00000000e2d80000, 0x00000000f5d80000)
  object space 22016K, 3% used [0x00000000e1800000,0x00000000e18c0148,0x00000000e2d80000)
 Metaspace       used 5076K, capacity 5420K, committed 5504K, reserved 1060864K
  class space    used 549K, capacity 600K, committed 640K, reserved 1048576K
Event: 3.815 GC heap after
Heap after GC invocations=2 (full 1):
 PSYoungGen      total 9728K, used 0K [0x00000000f5d80000, 0x00000000f6800000, 0x0000000100000000)
  eden space 8704K, 0% used [0x00000000f5d80000,0x00000000f5d80000,0x00000000f6600000)
  from space 1024K, 0% used [0x00000000f6600000,0x00000000f6600000,0x00000000f6700000)
  to   space 1024K, 0% used [0x00000000f6700000,0x00000000f6700000,0x00000000f6800000)
 ParOldGen       total 11264K, used 1661K [0x00000000e1800000, 0x00000000e2300000, 0x00000000f5d80000)
  object space 11264K, 14% used [0x00000000e1800000,0x00000000e199f5d0,0x00000000e2300000)
 Metaspace       used 5076K, capacity 5420K, committed 5504K, reserved 1058816K
  class space    used 549K, capacity 600K, committed 640K, reserved 1048576K
}
Event: 4.082 GC heap before
{Heap before GC invocations=3 (full 1):
 PSYoungGen      total 9728K, used 8704K [0x00000000f5d80000, 0x00000000f6800000, 0x0000000100000000)
  eden space 8704K, 100% used [0x00000000f5d80000,0x00000000f6600000,0x00000000f6600000)
  from space 1024K, 0% used [0x00000000f6600000,0x00000000f6600000,0x00000000f6700000)
  to   space 1024K, 0% used [0x00000000f6700000,0x00000000f6700000,0x00000000f6800000)
 ParOldGen       total 11264K, used 1661K [0x00000000e1800000, 0x00000000e2300000, 0x00000000f5d80000)
  object space 11264K, 14% used [0x00000000e1800000,0x00000000e199f5d0,0x00000000e2300000)
 Metaspace       used 6731K, capacity 6876K, committed 7040K, reserved 1058816K
  class space    used 771K, capacity 824K, committed 896K, reserved 1048576K
Event: 4.084 GC heap after
Heap after GC invocations=3 (full 1):
 PSYoungGen      total 9728K, used 1001K [0x00000000f5d80000, 0x00000000f6800000, 0x0000000100000000)
  eden space 8704K, 0% used [0x00000000f5d80000,0x00000000f5d80000,0x00000000f6600000)
  from space 1024K, 97% used [0x00000000f6700000,0x00000000f67fa680,0x00000000f6800000)
  to   space 1024K, 0% used [0x00000000f6600000,0x00000000f6600000,0x00000000f6700000)
 ParOldGen       total 11264K, used 2258K [0x00000000e1800000, 0x00000000e2300000, 0x00000000f5d80000)
  object space 11264K, 20% used [0x00000000e1800000,0x00000000e1a349f0,0x00000000e2300000)
 Metaspace       used 6731K, capacity 6876K, committed 7040K, reserved 1058816K
  class space    used 771K, capacity 824K, committed 896K, reserved 1048576K
}

Deoptimization events (3 events):
Event: 3.964 Thread 0x0000000003122800 Uncommon trap: reason=unstable_if action=reinterpret pc=0x00000000033a5080 method=java.lang.String.indexOf([CII[CIII)I @ 3
Event: 4.211 Thread 0x0000000003122800 Uncommon trap: reason=range_check action=make_not_entrant pc=0x0000000003486760 method=sun.reflect.generics.parser.SignatureParser.current()C @ 34
Event: 4.221 Thread 0x0000000003122800 Uncommon trap: reason=unstable_if action=reinterpret pc=0x00000000033de364 method=org.codehaus.plexus.util.xml.pull.MXParser.more()C @ 8

Classes redefined (0 events):
No events

Internal exceptions (10 events):
Event: 4.209 Thread 0x0000000003122800 Exception <a 'java/lang/ArrayIndexOutOfBoundsException'> (0x00000000f62119e0) thrown at [C:\re\workspace\8-2-build-windows-amd64-cygwin\jdk8u171\10807\hotspot\src\share\vm\runtime\sharedRuntime.cpp, line 605]
Event: 4.210 Thread 0x0000000003122800 Exception <a 'java/lang/ArrayIndexOutOfBoundsException'> (0x00000000f62138e8) thrown at [C:\re\workspace\8-2-build-windows-amd64-cygwin\jdk8u171\10807\hotspot\src\share\vm\runtime\sharedRuntime.cpp, line 605]
Event: 4.210 Thread 0x0000000003122800 Exception <a 'java/lang/ArrayIndexOutOfBoundsException'> (0x00000000f6214688) thrown at [C:\re\workspace\8-2-build-windows-amd64-cygwin\jdk8u171\10807\hotspot\src\share\vm\runtime\sharedRuntime.cpp, line 605]
Event: 4.210 Thread 0x0000000003122800 Exception <a 'java/lang/ArrayIndexOutOfBoundsException'> (0x00000000f6216378) thrown at [C:\re\workspace\8-2-build-windows-amd64-cygwin\jdk8u171\10807\hotspot\src\share\vm\runtime\sharedRuntime.cpp, line 605]
Event: 4.210 Thread 0x0000000003122800 Exception <a 'java/lang/ArrayIndexOutOfBoundsException'> (0x00000000f62178d0) thrown at [C:\re\workspace\8-2-build-windows-amd64-cygwin\jdk8u171\10807\hotspot\src\share\vm\runtime\sharedRuntime.cpp, line 605]
Event: 4.210 Thread 0x0000000003122800 Exception <a 'java/lang/ArrayIndexOutOfBoundsException'> (0x00000000f6219a78) thrown at [C:\re\workspace\8-2-build-windows-amd64-cygwin\jdk8u171\10807\hotspot\src\share\vm\runtime\sharedRuntime.cpp, line 605]
Event: 4.211 Thread 0x0000000003122800 Exception <a 'java/lang/ArrayIndexOutOfBoundsException'> (0x00000000f621b420) thrown at [C:\re\workspace\8-2-build-windows-amd64-cygwin\jdk8u171\10807\hotspot\src\share\vm\runtime\sharedRuntime.cpp, line 605]
Event: 4.211 Thread 0x0000000003122800 Exception <a 'java/lang/ArrayIndexOutOfBoundsException'> (0x00000000f621d160) thrown at [C:\re\workspace\8-2-build-windows-amd64-cygwin\jdk8u171\10807\hotspot\src\share\vm\runtime\sharedRuntime.cpp, line 605]
Event: 4.211 Thread 0x0000000003122800 Exception <a 'java/lang/ArrayIndexOutOfBoundsException'> (0x00000000f621e7b0) thrown at [C:\re\workspace\8-2-build-windows-amd64-cygwin\jdk8u171\10807\hotspot\src\share\vm\runtime\sharedRuntime.cpp, line 605]
Event: 4.211 Thread 0x0000000003122800 Exception <a 'java/lang/ArrayIndexOutOfBoundsException': 24> (0x00000000f621f4b0) thrown at [C:\re\workspace\8-2-build-windows-amd64-cygwin\jdk8u171\10807\hotspot\src\share\vm\interpreter\interpreterRuntime.cpp, line 366]

Events (10 events):
Event: 4.219 loading class org/eclipse/sisu/space/Streams done
Event: 4.221 Thread 0x0000000003122800 Uncommon trap: trap_request=0xffffff65 fr.pc=0x00000000033de364
Event: 4.221 Thread 0x0000000003122800 DEOPT PACKING pc=0x00000000033de364 sp=0x00000000030ddd00
Event: 4.221 Thread 0x0000000003122800 DEOPT UNPACKING pc=0x000000000326583b sp=0x00000000030ddc98 mode 2
Event: 4.239 loading class org/eclipse/sisu/plexus/RequirementImpl
Event: 4.239 loading class org/eclipse/sisu/plexus/RequirementImpl done
Event: 4.240 loading class org/codehaus/plexus/component/annotations/Requirement
Event: 4.240 loading class org/codehaus/plexus/component/annotations/Requirement done
Event: 4.241 loading class org/eclipse/sisu/space/NamedClass
Event: 4.241 loading class org/eclipse/sisu/space/NamedClass done


Dynamic libraries:
0x00007ff64df00000 - 0x00007ff64df37000 	C:\Program Files\Java\jdk1.8.0_171\bin\java.exe
0x00007ffa6cc80000 - 0x00007ffa6ce61000 	C:\WINDOWS\SYSTEM32\ntdll.dll
0x00007ffa6cb90000 - 0x00007ffa6cc42000 	C:\WINDOWS\System32\KERNEL32.DLL
0x00007ffa694c0000 - 0x00007ffa69733000 	C:\WINDOWS\System32\KERNELBASE.dll
0x00007ffa6c4b0000 - 0x00007ffa6c551000 	C:\WINDOWS\System32\ADVAPI32.dll
0x00007ffa6a520000 - 0x00007ffa6a5be000 	C:\WINDOWS\System32\msvcrt.dll
0x00007ffa6c6a0000 - 0x00007ffa6c6fb000 	C:\WINDOWS\System32\sechost.dll
0x00007ffa6a110000 - 0x00007ffa6a234000 	C:\WINDOWS\System32\RPCRT4.dll
0x00007ffa6a2c0000 - 0x00007ffa6a450000 	C:\WINDOWS\System32\USER32.dll
0x00007ffa699e0000 - 0x00007ffa69a00000 	C:\WINDOWS\System32\win32u.dll
0x00007ffa6bfc0000 - 0x00007ffa6bfe8000 	C:\WINDOWS\System32\GDI32.dll
0x00007ffa69740000 - 0x00007ffa698d2000 	C:\WINDOWS\System32\gdi32full.dll
0x00007ffa698e0000 - 0x00007ffa6997f000 	C:\WINDOWS\System32\msvcp_win.dll
0x00007ffa69050000 - 0x00007ffa6914a000 	C:\WINDOWS\System32\ucrtbase.dll
0x00007ffa54790000 - 0x00007ffa549f9000 	C:\WINDOWS\WinSxS\amd64_microsoft.windows.common-controls_6595b64144ccf1df_6.0.17134.112_none_fb3f961b30681c12\COMCTL32.dll
0x00007ffa6c860000 - 0x00007ffa6cb83000 	C:\WINDOWS\System32\combase.dll
0x00007ffa69340000 - 0x00007ffa693ba000 	C:\WINDOWS\System32\bcryptPrimitives.dll
0x00007ffa6c650000 - 0x00007ffa6c67d000 	C:\WINDOWS\System32\IMM32.DLL
0x0000000056d40000 - 0x0000000056e12000 	C:\Program Files\Java\jdk1.8.0_171\jre\bin\msvcr100.dll
0x00000000564a0000 - 0x0000000056d40000 	C:\Program Files\Java\jdk1.8.0_171\jre\bin\server\jvm.dll
0x00007ffa6a620000 - 0x00007ffa6a628000 	C:\WINDOWS\System32\PSAPI.DLL
0x00007ffa5af40000 - 0x00007ffa5af4a000 	C:\WINDOWS\SYSTEM32\VERSION.dll
0x00007ffa67220000 - 0x00007ffa67243000 	C:\WINDOWS\SYSTEM32\WINMM.dll
0x00007ffa5b3e0000 - 0x00007ffa5b3e9000 	C:\WINDOWS\SYSTEM32\WSOCK32.dll
0x00007ffa671f0000 - 0x00007ffa6721a000 	C:\WINDOWS\SYSTEM32\winmmbase.dll
0x00007ffa6bff0000 - 0x00007ffa6c05c000 	C:\WINDOWS\System32\WS2_32.dll
0x00007ffa693c0000 - 0x00007ffa69409000 	C:\WINDOWS\System32\cfgmgr32.dll
0x0000000056490000 - 0x000000005649f000 	C:\Program Files\Java\jdk1.8.0_171\jre\bin\verify.dll
0x0000000056460000 - 0x0000000056489000 	C:\Program Files\Java\jdk1.8.0_171\jre\bin\java.dll
0x0000000056440000 - 0x0000000056456000 	C:\Program Files\Java\jdk1.8.0_171\jre\bin\zip.dll
0x00007ffa6a9e0000 - 0x00007ffa6be20000 	C:\WINDOWS\System32\SHELL32.dll
0x00007ffa6a730000 - 0x00007ffa6a7d9000 	C:\WINDOWS\System32\shcore.dll
0x00007ffa69a00000 - 0x00007ffa6a10d000 	C:\WINDOWS\System32\windows.storage.dll
0x00007ffa6a980000 - 0x00007ffa6a9d1000 	C:\WINDOWS\System32\shlwapi.dll
0x00007ffa68ff0000 - 0x00007ffa69001000 	C:\WINDOWS\System32\kernel.appcore.dll
0x00007ffa69030000 - 0x00007ffa6904f000 	C:\WINDOWS\System32\profapi.dll
0x00007ffa68f90000 - 0x00007ffa68fdc000 	C:\WINDOWS\System32\powrprof.dll
0x00007ffa68fe0000 - 0x00007ffa68fea000 	C:\WINDOWS\System32\FLTLIB.DLL
0x00007ffa60990000 - 0x00007ffa6099a000 	E:\apache-maven-3.5.3\lib\jansi-native\windows64\jansi.dll

VM Arguments:
jvm_args: -Dclassworlds.conf=E:\apache-maven-3.5.3\bin\..\bin\m2.conf -Dmaven.home=E:\apache-maven-3.5.3\bin\.. -Dlibrary.jansi.path=E:\apache-maven-3.5.3\bin\..\lib\jansi-native -Dmaven.multiModuleProjectDirectory=E:\Mule\munit\dyanamicwebproject 
java_command: org.codehaus.plexus.classworlds.launcher.Launcher -B clean package -DskipMunitTests
java_class_path (initial): E:\apache-maven-3.5.3\bin\..\boot\plexus-classworlds-2.5.2.jar
Launcher Type: SUN_STANDARD

Environment Variables:
JAVA_HOME=C:\Program Files\Java\jdk1.8.0_171
PATH=C:/Program Files/Java/jre1.8.0_171/bin/server;C:/Program Files/Java/jre1.8.0_171/bin;C:/Program Files/Java/jre1.8.0_171/lib/amd64;C:\Program Files (x86)\Common Files\Oracle\Java\javapath;C:\oraclexe\app\oracle\product\11.2.0\server\bin;C:\WINDOWS\system32;C:\WINDOWS;C:\WINDOWS\System32\Wbem;C:\WINDOWS\System32\WindowsPowerShell\v1.0\;C:\Program Files\Java\jdk1.7.0_25\bin\;C:\Program Files\Java\jre7\bin;C:\Program Files\Git\cmd;C:\Program Files\dotnet\;C:\Program Files\Microsoft\Web Platform Installer\;C:\Program Files\nodejs\;"C:\WINDOWS\System32\OpenSSH\C:\Program Files\Java\jdk1.8.0_171\ ;C:\Program Files\Java\jdk1.8.0_171\bin;C:\Program Files\Java\jre1.8.0_171\bin";C:\Program Files\Java\jdk1.8.0_171\bin;E:\apache-tomcat-8.5.31\bin;E:\apache-maven-3.5.3\bin;C:\Users\Admin\AppData\Local\Microsoft\WindowsApps;;C:\Program Files\Microsoft VS Code\bin;C:\Users\Admin\AppData\Roaming\npm;E:\AnypointStudio;
USERNAME=Admin
OS=Windows_NT
PROCESSOR_IDENTIFIER=Intel64 Family 6 Model 58 Stepping 9, GenuineIntel



---------------  S Y S T E M  ---------------

OS: Windows 10.0 , 64 bit Build 17134 (10.0.17134.1)

CPU:total 4 (initial active 4) (2 cores per cpu, 2 threads per core) family 6 model 58 stepping 9, cmov, cx8, fxsr, mmx, sse, sse2, sse3, ssse3, sse4.1, sse4.2, popcnt, avx, clmul, erms, ht, tsc, tscinvbit, tscinv

Memory: 4k page, physical 1993064k(313644k free), swap 8022376k(3516k free)

vm_info: Java HotSpot(TM) 64-Bit Server VM (25.171-b11) for windows-amd64 JRE (1.8.0_171-b11), built on Mar 28 2018 16:06:12 by "java_re" with MS VC++ 10.0 (VS2010)

time: Fri Jun 22 17:44:52 2018
elapsed time: 4 seconds (0d 0h 0m 4s)

