#
# There is insufficient memory for the Java Runtime Environment to continue.
# Native memory allocation (malloc) failed to allocate 1048576 bytes for AllocateHeap
# Possible reasons:
#   The system is out of physical RAM or swap space
#   In 32 bit mode, the process size limit was hit
# Possible solutions:
#   Reduce memory load on the system
#   Increase physical memory or swap space
#   Check if swap backing store is full
#   Use 64 bit Java on a 64 bit OS
#   Decrease Java heap size (-Xmx/-Xms)
#   Decrease number of Java threads
#   Decrease Java thread stack sizes (-Xss)
#   Set larger code cache with -XX:ReservedCodeCacheSize=
# This output file may be truncated or incomplete.
#
#  Out of Memory Error (memory/allocation.inline.hpp:61), pid=8400, tid=0x0000000000000ad0
#
# JRE version:  (8.0_171-b11) (build )
# Java VM: Java HotSpot(TM) 64-Bit Server VM (25.171-b11 mixed mode windows-amd64 compressed oops)
# Failed to write core dump. Minidumps are not enabled by default on client versions of Windows
#

---------------  T H R E A D  ---------------

Current thread (0x0000000002c22800):  JavaThread "Unknown thread" [_thread_in_vm, id=2768, stack(0x0000000002b20000,0x0000000002c20000)]

Stack: [0x0000000002b20000,0x0000000002c20000]
[error occurred during error reporting (printing stack bounds), id 0xc0000005]

Native frames: (J=compiled Java code, j=interpreted, Vv=VM code, C=native code)


---------------  P R O C E S S  ---------------

Java Threads: ( => current thread )

Other Threads:

=>0x0000000002c22800 (exited) JavaThread "Unknown thread" [_thread_in_vm, id=2768, stack(0x0000000002b20000,0x0000000002c20000)]

VM state:not at safepoint (normal execution)

VM Mutex/Monitor currently owned by a thread: None

Heap:
 PSYoungGen      total 9728K, used 174K [0x00000000f5d80000, 0x00000000f6800000, 0x0000000100000000)
  eden space 8704K, 2% used [0x00000000f5d80000,0x00000000f5dab860,0x00000000f6600000)
  from space 1024K, 0% used [0x00000000f6700000,0x00000000f6700000,0x00000000f6800000)
  to   space 1024K, 0% used [0x00000000f6600000,0x00000000f6600000,0x00000000f6700000)
 ParOldGen       total 22016K, used 0K [0x00000000e1800000, 0x00000000e2d80000, 0x00000000f5d80000)
  object space 22016K, 0% used [0x00000000e1800000,0x00000000e1800000,0x00000000e2d80000)
 Metaspace       used 774K, capacity 4480K, committed 4480K, reserved 1056768K
  class space    used 76K, capacity 384K, committed 384K, reserved 1048576K

Card table byte_map: [0x00000000120e0000,0x00000000121e0000] byte_map_base: 0x00000000119d4000

Marking Bits: (ParMarkBitMap*) 0x0000000056cc08c0
 Begin Bits: [0x00000000125e0000, 0x0000000012d80000)
 End Bits:   [0x0000000012d80000, 0x0000000013520000)

Polling page: 0x0000000000c30000

CodeCache: size=245760Kb used=328Kb max_used=328Kb free=245431Kb
 bounds [0x0000000002d20000, 0x0000000002f90000, 0x0000000011d20000]
 total_blobs=58 nmethods=0 adapters=38
 compilation: enabled

Compilation events (0 events):
No events

GC Heap History (0 events):
No events

Deoptimization events (0 events):
No events

Classes redefined (0 events):
No events

Internal exceptions (0 events):
No events

Events (10 events):
Event: 0.097 loading class java/lang/Short
Event: 0.097 loading class java/lang/Short done
Event: 0.097 loading class java/lang/Integer
Event: 0.097 loading class java/lang/Integer done
Event: 0.097 loading class java/lang/Long
Event: 0.098 loading class java/lang/Long done
Event: 0.100 loading class java/lang/NullPointerException
Event: 0.100 loading class java/lang/NullPointerException done
Event: 0.100 loading class java/lang/ArithmeticException
Event: 0.100 loading class java/lang/ArithmeticException done


Dynamic libraries:
0x00007ff7455c0000 - 0x00007ff7455f7000 	C:\Program Files\Java\jdk1.8.0_171\bin\java.exe
0x00007ffa6cc80000 - 0x00007ffa6ce61000 	C:\WINDOWS\SYSTEM32\ntdll.dll
0x00007ffa6cb90000 - 0x00007ffa6cc42000 	C:\WINDOWS\System32\KERNEL32.DLL
0x00007ffa694c0000 - 0x00007ffa69733000 	C:\WINDOWS\System32\KERNELBASE.dll
0x00007ffa6c4b0000 - 0x00007ffa6c551000 	C:\WINDOWS\System32\ADVAPI32.dll
0x00007ffa6a520000 - 0x00007ffa6a5be000 	C:\WINDOWS\System32\msvcrt.dll
0x00007ffa6c6a0000 - 0x00007ffa6c6fb000 	C:\WINDOWS\System32\sechost.dll
0x00007ffa6a110000 - 0x00007ffa6a234000 	C:\WINDOWS\System32\RPCRT4.dll
0x00007ffa6a2c0000 - 0x00007ffa6a450000 	C:\WINDOWS\System32\USER32.dll
0x00007ffa699e0000 - 0x00007ffa69a00000 	C:\WINDOWS\System32\win32u.dll
0x00007ffa6bfc0000 - 0x00007ffa6bfe8000 	C:\WINDOWS\System32\GDI32.dll
0x00007ffa69740000 - 0x00007ffa698d2000 	C:\WINDOWS\System32\gdi32full.dll
0x00007ffa698e0000 - 0x00007ffa6997f000 	C:\WINDOWS\System32\msvcp_win.dll
0x00007ffa69050000 - 0x00007ffa6914a000 	C:\WINDOWS\System32\ucrtbase.dll
0x00007ffa54790000 - 0x00007ffa549f9000 	C:\WINDOWS\WinSxS\amd64_microsoft.windows.common-controls_6595b64144ccf1df_6.0.17134.112_none_fb3f961b30681c12\COMCTL32.dll
0x00007ffa6c860000 - 0x00007ffa6cb83000 	C:\WINDOWS\System32\combase.dll
0x00007ffa69340000 - 0x00007ffa693ba000 	C:\WINDOWS\System32\bcryptPrimitives.dll
0x00007ffa6c650000 - 0x00007ffa6c67d000 	C:\WINDOWS\System32\IMM32.DLL
0x0000000056d40000 - 0x0000000056e12000 	C:\Program Files\Java\jdk1.8.0_171\jre\bin\msvcr100.dll
0x00000000564a0000 - 0x0000000056d40000 	C:\Program Files\Java\jdk1.8.0_171\jre\bin\server\jvm.dll
0x00007ffa67220000 - 0x00007ffa67243000 	C:\WINDOWS\SYSTEM32\WINMM.dll
0x00007ffa6a620000 - 0x00007ffa6a628000 	C:\WINDOWS\System32\PSAPI.DLL
0x00007ffa5af40000 - 0x00007ffa5af4a000 	C:\WINDOWS\SYSTEM32\VERSION.dll
0x00007ffa671f0000 - 0x00007ffa6721a000 	C:\WINDOWS\SYSTEM32\WINMMBASE.dll
0x00007ffa5b3e0000 - 0x00007ffa5b3e9000 	C:\WINDOWS\SYSTEM32\WSOCK32.dll
0x00007ffa693c0000 - 0x00007ffa69409000 	C:\WINDOWS\System32\cfgmgr32.dll
0x00007ffa6bff0000 - 0x00007ffa6c05c000 	C:\WINDOWS\System32\ws2_32.DLL
0x0000000056490000 - 0x000000005649f000 	C:\Program Files\Java\jdk1.8.0_171\jre\bin\verify.dll
0x0000000056460000 - 0x0000000056489000 	C:\Program Files\Java\jdk1.8.0_171\jre\bin\java.dll
0x0000000056440000 - 0x0000000056456000 	C:\Program Files\Java\jdk1.8.0_171\jre\bin\zip.dll

VM Arguments:
jvm_args: -Dclassworlds.conf=E:\apache-maven-3.5.3\bin\..\bin\m2.conf -Dmaven.home=E:\apache-maven-3.5.3\bin\.. -Dlibrary.jansi.path=E:\apache-maven-3.5.3\bin\..\lib\jansi-native -Dmaven.multiModuleProjectDirectory=E:\Mule\munit\dyanamicwebproject 
java_command: org.codehaus.plexus.classworlds.launcher.Launcher -B org.mule.tools:studio-maven-plugin:studio -DdownloadSources=true
java_class_path (initial): E:\apache-maven-3.5.3\bin\..\boot\plexus-classworlds-2.5.2.jar
Launcher Type: SUN_STANDARD

Environment Variables:
JAVA_HOME=C:\Program Files\Java\jdk1.8.0_171
PATH=C:/Program Files/Java/jre1.8.0_171/bin/server;C:/Program Files/Java/jre1.8.0_171/bin;C:/Program Files/Java/jre1.8.0_171/lib/amd64;C:\Program Files (x86)\Common Files\Oracle\Java\javapath;C:\oraclexe\app\oracle\product\11.2.0\server\bin;C:\WINDOWS\system32;C:\WINDOWS;C:\WINDOWS\System32\Wbem;C:\WINDOWS\System32\WindowsPowerShell\v1.0\;C:\Program Files\Java\jdk1.7.0_25\bin\;C:\Program Files\Java\jre7\bin;C:\Program Files\Git\cmd;C:\Program Files\dotnet\;C:\Program Files\Microsoft\Web Platform Installer\;C:\Program Files\nodejs\;"C:\WINDOWS\System32\OpenSSH\C:\Program Files\Java\jdk1.8.0_171\ ;C:\Program Files\Java\jdk1.8.0_171\bin;C:\Program Files\Java\jre1.8.0_171\bin";C:\Program Files\Java\jdk1.8.0_171\bin;E:\apache-tomcat-8.5.31\bin;E:\apache-maven-3.5.3\bin;C:\Users\Admin\AppData\Local\Microsoft\WindowsApps;;C:\Program Files\Microsoft VS Code\bin;C:\Users\Admin\AppData\Roaming\npm;E:\AnypointStudio;
USERNAME=Admin
OS=Windows_NT
PROCESSOR_IDENTIFIER=Intel64 Family 6 Model 58 Stepping 9, GenuineIntel



---------------  S Y S T E M  ---------------

OS: Windows 10.0 , 64 bit Build 17134 (10.0.17134.1)

CPU:total 4 (initial active 4) (2 cores per cpu, 2 threads per core) family 6 model 58 stepping 9, cmov, cx8, fxsr, mmx, sse, sse2, sse3, ssse3, sse4.1, sse4.2, popcnt, avx, clmul, erms, ht, tsc, tscinvbit, tscinv

Memory: 4k page, physical 1993064k(342648k free), swap 8022376k(5300k free)

vm_info: Java HotSpot(TM) 64-Bit Server VM (25.171-b11) for windows-amd64 JRE (1.8.0_171-b11), built on Mar 28 2018 16:06:12 by "java_re" with MS VC++ 10.0 (VS2010)

time: Fri Jun 22 17:46:15 2018
elapsed time: 0 seconds (0d 0h 0m 0s)

